2025-09-30 16:08:24,874 - INFO - [GenAdvisor] Initializing Gen-Advisor components...
2025-09-30 16:08:24,874 - INFO - [GenAdvisor] Initializing Gen-Advisor components...
2025-09-30 16:08:24,874 - INFO - [GenAdvisor] Initializing Gen-Advisor components...
2025-09-30 16:08:38,127 - INFO - [GenAdvisor] Updating market data...
2025-09-30 16:08:38,127 - INFO - [GenAdvisor] Updating market data...
2025-09-30 16:08:38,127 - INFO - [GenAdvisor] Updating market data...
2025-09-30 16:09:04,521 - INFO - [GenAdvisor] Initializing Gen-Advisor components...
2025-09-30 16:09:04,521 - INFO - [GenAdvisor] Initializing Gen-Advisor components...
2025-09-30 16:09:04,521 - INFO - [GenAdvisor] Initializing Gen-Advisor components...
2025-09-30 16:09:18,799 - INFO - [GenAdvisor] Updating market data...
2025-09-30 16:09:18,799 - INFO - [GenAdvisor] Updating market data...
2025-09-30 16:09:18,799 - INFO - [GenAdvisor] Updating market data...
2025-09-30 16:09:30,819 - INFO - [GenAdvisor] [QueryID: 20250930_160930] Processing query: What are the best mid-cap stocks for next 6 months?
2025-09-30 16:09:30,819 - INFO - [GenAdvisor] [QueryID: 20250930_160930] Processing query: What are the best mid-cap stocks for next 6 months?
2025-09-30 16:09:30,819 - INFO - [GenAdvisor] [QueryID: 20250930_160930] Processing query: What are the best mid-cap stocks for next 6 months?
2025-09-30 16:09:30,820 - INFO - [GenAdvisor] [QueryID: 20250930_160930] Starting RAG processing
2025-09-30 16:09:30,820 - INFO - [GenAdvisor] [QueryID: 20250930_160930] Starting RAG processing
2025-09-30 16:09:30,820 - INFO - [GenAdvisor] [QueryID: 20250930_160930] Starting RAG processing
2025-09-30 16:09:37,084 - INFO - [GenAdvisor] [QueryID: 20250930_160930] Query processed successfully
2025-09-30 16:09:37,084 - INFO - [GenAdvisor] [QueryID: 20250930_160930] Query processed successfully
2025-09-30 16:09:37,084 - INFO - [GenAdvisor] [QueryID: 20250930_160930] Query processed successfully
2025-09-30 16:09:37,085 - DEBUG - [GenAdvisor] [QueryID: 20250930_160930] Response length: 8550 chars
2025-09-30 16:09:37,085 - DEBUG - [GenAdvisor] [QueryID: 20250930_160930] Response length: 8550 chars
2025-09-30 16:09:37,085 - DEBUG - [GenAdvisor] [QueryID: 20250930_160930] Response length: 8550 chars
2025-09-30 16:14:30,806 - INFO - [GenAdvisor] Updating market data...
2025-09-30 16:14:30,806 - INFO - [GenAdvisor] Updating market data...
2025-09-30 16:14:30,806 - INFO - [GenAdvisor] Updating market data...
2025-09-30 16:16:02,249 - INFO - [GenAdvisor] [QueryID: 20250930_161602] Processing query: What are the best performing IT stocks?
2025-09-30 16:16:02,249 - INFO - [GenAdvisor] [QueryID: 20250930_161602] Processing query: What are the best performing IT stocks?
2025-09-30 16:16:02,249 - INFO - [GenAdvisor] [QueryID: 20250930_161602] Processing query: What are the best performing IT stocks?
2025-09-30 16:16:02,250 - INFO - [GenAdvisor] [QueryID: 20250930_161602] Starting RAG processing
2025-09-30 16:16:02,250 - INFO - [GenAdvisor] [QueryID: 20250930_161602] Starting RAG processing
2025-09-30 16:16:02,250 - INFO - [GenAdvisor] [QueryID: 20250930_161602] Starting RAG processing
2025-09-30 16:16:08,459 - INFO - [GenAdvisor] [QueryID: 20250930_161602] Query processed successfully
2025-09-30 16:16:08,459 - INFO - [GenAdvisor] [QueryID: 20250930_161602] Query processed successfully
2025-09-30 16:16:08,459 - INFO - [GenAdvisor] [QueryID: 20250930_161602] Query processed successfully
2025-09-30 16:16:08,460 - DEBUG - [GenAdvisor] [QueryID: 20250930_161602] Response length: 8584 chars
2025-09-30 16:16:08,460 - DEBUG - [GenAdvisor] [QueryID: 20250930_161602] Response length: 8584 chars
2025-09-30 16:16:08,460 - DEBUG - [GenAdvisor] [QueryID: 20250930_161602] Response length: 8584 chars
