2025-10-28 09:13:40,269 - INFO - [GenAdvisor] Initializing Gen-Advisor components...
2025-10-28 09:13:40,269 - INFO - [GenAdvisor] Initializing Gen-Advisor components...
2025-10-28 09:13:40,269 - INFO - [GenAdvisor] Initializing Gen-Advisor components...
2025-10-28 09:14:06,748 - INFO - [GenAdvisor] Updating market data...
2025-10-28 09:14:06,748 - INFO - [GenAdvisor] Updating market data...
2025-10-28 09:14:06,748 - INFO - [GenAdvisor] Updating market data...
2025-10-28 09:14:17,494 - INFO - [GenAdvisor] [QueryID: 20251028_091417] Processing query: tell me todays price of reliance.ns
2025-10-28 09:14:17,494 - INFO - [GenAdvisor] [QueryID: 20251028_091417] Processing query: tell me todays price of reliance.ns
2025-10-28 09:14:17,494 - INFO - [GenAdvisor] [QueryID: 20251028_091417] Processing query: tell me todays price of reliance.ns
2025-10-28 09:14:17,505 - INFO - [GenAdvisor] [QueryID: 20251028_091417] Starting RAG processing
2025-10-28 09:14:17,505 - INFO - [GenAdvisor] [QueryID: 20251028_091417] Starting RAG processing
2025-10-28 09:14:17,505 - INFO - [GenAdvisor] [QueryID: 20251028_091417] Starting RAG processing
2025-10-28 09:14:22,062 - INFO - [GenAdvisor] [QueryID: 20251028_091417] Query processed successfully
2025-10-28 09:14:22,062 - INFO - [GenAdvisor] [QueryID: 20251028_091417] Query processed successfully
2025-10-28 09:14:22,062 - INFO - [GenAdvisor] [QueryID: 20251028_091417] Query processed successfully
2025-10-28 09:14:22,068 - DEBUG - [GenAdvisor] [QueryID: 20251028_091417] Response length: 4343 chars
2025-10-28 09:14:22,068 - DEBUG - [GenAdvisor] [QueryID: 20251028_091417] Response length: 4343 chars
2025-10-28 09:14:22,068 - DEBUG - [GenAdvisor] [QueryID: 20251028_091417] Response length: 4343 chars
2025-10-28 09:18:40,684 - INFO - [GenAdvisor] Initializing Gen-Advisor components...
2025-10-28 09:18:40,684 - INFO - [GenAdvisor] Initializing Gen-Advisor components...
2025-10-28 09:18:40,684 - INFO - [GenAdvisor] Initializing Gen-Advisor components...
2025-10-28 09:18:58,660 - INFO - [GenAdvisor] Updating market data...
2025-10-28 09:18:58,660 - INFO - [GenAdvisor] Updating market data...
2025-10-28 09:18:58,660 - INFO - [GenAdvisor] Updating market data...
2025-10-28 09:21:33,875 - INFO - [GenAdvisor] [QueryID: 20251028_092133] Processing query: whats the price of reliance.ns
2025-10-28 09:21:33,875 - INFO - [GenAdvisor] [QueryID: 20251028_092133] Processing query: whats the price of reliance.ns
2025-10-28 09:21:33,875 - INFO - [GenAdvisor] [QueryID: 20251028_092133] Processing query: whats the price of reliance.ns
2025-10-28 09:21:33,878 - INFO - [GenAdvisor] [QueryID: 20251028_092133] Starting RAG processing
2025-10-28 09:21:33,878 - INFO - [GenAdvisor] [QueryID: 20251028_092133] Starting RAG processing
2025-10-28 09:21:33,878 - INFO - [GenAdvisor] [QueryID: 20251028_092133] Starting RAG processing
2025-10-28 09:21:35,025 - ERROR - [GenAdvisor] [QueryID: 20251028_092133] Error processing query: 'relevance_score'
2025-10-28 09:21:35,025 - ERROR - [GenAdvisor] [QueryID: 20251028_092133] Error processing query: 'relevance_score'
2025-10-28 09:21:35,025 - ERROR - [GenAdvisor] [QueryID: 20251028_092133] Error processing query: 'relevance_score'
2025-10-28 09:24:27,829 - INFO - [GenAdvisor] Updating market data...
2025-10-28 09:24:27,829 - INFO - [GenAdvisor] Updating market data...
2025-10-28 09:24:27,829 - INFO - [GenAdvisor] Updating market data...
2025-10-28 09:26:03,136 - INFO - [GenAdvisor] Initializing Gen-Advisor components...
2025-10-28 09:26:03,136 - INFO - [GenAdvisor] Initializing Gen-Advisor components...
2025-10-28 09:26:03,136 - INFO - [GenAdvisor] Initializing Gen-Advisor components...
2025-10-28 09:26:20,926 - INFO - [GenAdvisor] Updating market data...
2025-10-28 09:26:20,926 - INFO - [GenAdvisor] Updating market data...
2025-10-28 09:26:20,926 - INFO - [GenAdvisor] Updating market data...
2025-10-28 09:34:06,562 - INFO - [GenAdvisor] Updating market data...
2025-10-28 09:34:06,562 - INFO - [GenAdvisor] Updating market data...
2025-10-28 09:34:06,562 - INFO - [GenAdvisor] Updating market data...
2025-10-28 09:39:19,523 - INFO - [GenAdvisor] Updating market data...
2025-10-28 09:39:19,523 - INFO - [GenAdvisor] Updating market data...
2025-10-28 09:39:19,523 - INFO - [GenAdvisor] Updating market data...
2025-10-28 09:44:35,914 - INFO - [GenAdvisor] Updating market data...
2025-10-28 09:44:35,914 - INFO - [GenAdvisor] Updating market data...
2025-10-28 09:44:35,914 - INFO - [GenAdvisor] Updating market data...
2025-10-28 09:49:56,620 - INFO - [GenAdvisor] Updating market data...
2025-10-28 09:49:56,620 - INFO - [GenAdvisor] Updating market data...
2025-10-28 09:49:56,620 - INFO - [GenAdvisor] Updating market data...
2025-10-28 09:55:14,610 - INFO - [GenAdvisor] Updating market data...
2025-10-28 09:55:14,610 - INFO - [GenAdvisor] Updating market data...
2025-10-28 09:55:14,610 - INFO - [GenAdvisor] Updating market data...
2025-10-28 10:00:29,667 - INFO - [GenAdvisor] Updating market data...
2025-10-28 10:00:29,667 - INFO - [GenAdvisor] Updating market data...
2025-10-28 10:00:29,667 - INFO - [GenAdvisor] Updating market data...
2025-10-28 10:22:28,531 - INFO - [GenAdvisor] Updating market data...
2025-10-28 10:22:28,531 - INFO - [GenAdvisor] Updating market data...
2025-10-28 10:22:28,531 - INFO - [GenAdvisor] Updating market data...
2025-10-28 10:27:12,325 - INFO - [GenAdvisor] Initializing Gen-Advisor components...
2025-10-28 10:27:12,325 - INFO - [GenAdvisor] Initializing Gen-Advisor components...
2025-10-28 10:27:12,325 - INFO - [GenAdvisor] Initializing Gen-Advisor components...
2025-10-28 10:27:27,709 - INFO - [GenAdvisor] Updating market data...
2025-10-28 10:27:27,709 - INFO - [GenAdvisor] Updating market data...
2025-10-28 10:27:27,709 - INFO - [GenAdvisor] Updating market data...
2025-10-28 10:31:10,024 - INFO - [GenAdvisor] Initializing Gen-Advisor components...
2025-10-28 10:31:10,024 - INFO - [GenAdvisor] Initializing Gen-Advisor components...
2025-10-28 10:31:10,024 - INFO - [GenAdvisor] Initializing Gen-Advisor components...
2025-10-28 10:31:21,309 - INFO - [GenAdvisor] Updating market data...
2025-10-28 10:31:21,309 - INFO - [GenAdvisor] Updating market data...
2025-10-28 10:31:21,309 - INFO - [GenAdvisor] Updating market data...
2025-10-28 10:31:47,333 - INFO - [GenAdvisor] Initializing Gen-Advisor components...
2025-10-28 10:31:47,333 - INFO - [GenAdvisor] Initializing Gen-Advisor components...
2025-10-28 10:31:47,333 - INFO - [GenAdvisor] Initializing Gen-Advisor components...
2025-10-28 10:31:59,852 - INFO - [GenAdvisor] Updating market data...
2025-10-28 10:31:59,852 - INFO - [GenAdvisor] Updating market data...
2025-10-28 10:31:59,852 - INFO - [GenAdvisor] Updating market data...
2025-10-28 10:32:36,995 - INFO - [GenAdvisor] Initializing Gen-Advisor components...
2025-10-28 10:32:36,995 - INFO - [GenAdvisor] Initializing Gen-Advisor components...
2025-10-28 10:32:36,995 - INFO - [GenAdvisor] Initializing Gen-Advisor components...
2025-10-28 10:32:47,671 - INFO - [GenAdvisor] Updating market data...
2025-10-28 10:32:47,671 - INFO - [GenAdvisor] Updating market data...
2025-10-28 10:32:47,671 - INFO - [GenAdvisor] Updating market data...
2025-10-28 10:33:00,647 - INFO - [GenAdvisor] [QueryID: 20251028_103300] Processing query: what are best mid cap stocks
2025-10-28 10:33:00,647 - INFO - [GenAdvisor] [QueryID: 20251028_103300] Processing query: what are best mid cap stocks
2025-10-28 10:33:00,647 - INFO - [GenAdvisor] [QueryID: 20251028_103300] Processing query: what are best mid cap stocks
2025-10-28 10:33:00,649 - INFO - [GenAdvisor] [QueryID: 20251028_103300] Starting RAG processing
2025-10-28 10:33:00,649 - INFO - [GenAdvisor] [QueryID: 20251028_103300] Starting RAG processing
2025-10-28 10:33:00,649 - INFO - [GenAdvisor] [QueryID: 20251028_103300] Starting RAG processing
2025-10-28 10:33:08,105 - INFO - [GenAdvisor] [QueryID: 20251028_103300] Query processed successfully
2025-10-28 10:33:08,105 - INFO - [GenAdvisor] [QueryID: 20251028_103300] Query processed successfully
2025-10-28 10:33:08,105 - INFO - [GenAdvisor] [QueryID: 20251028_103300] Query processed successfully
2025-10-28 10:33:08,109 - DEBUG - [GenAdvisor] [QueryID: 20251028_103300] Response length: 10505 chars
2025-10-28 10:33:08,109 - DEBUG - [GenAdvisor] [QueryID: 20251028_103300] Response length: 10505 chars
2025-10-28 10:33:08,109 - DEBUG - [GenAdvisor] [QueryID: 20251028_103300] Response length: 10505 chars
2025-10-28 10:36:13,488 - INFO - [GenAdvisor] Initializing Gen-Advisor components...
2025-10-28 10:36:13,488 - INFO - [GenAdvisor] Initializing Gen-Advisor components...
2025-10-28 10:36:13,488 - INFO - [GenAdvisor] Initializing Gen-Advisor components...
2025-10-28 10:36:24,223 - INFO - [GenAdvisor] Updating market data...
2025-10-28 10:36:24,223 - INFO - [GenAdvisor] Updating market data...
2025-10-28 10:36:24,223 - INFO - [GenAdvisor] Updating market data...
2025-10-28 10:36:50,145 - INFO - [GenAdvisor] Initializing Gen-Advisor components...
2025-10-28 10:36:50,145 - INFO - [GenAdvisor] Initializing Gen-Advisor components...
2025-10-28 10:36:50,145 - INFO - [GenAdvisor] Initializing Gen-Advisor components...
2025-10-28 10:37:01,472 - INFO - [GenAdvisor] Updating market data...
2025-10-28 10:37:01,472 - INFO - [GenAdvisor] Updating market data...
2025-10-28 10:37:01,472 - INFO - [GenAdvisor] Updating market data...
2025-10-28 10:37:25,373 - INFO - [GenAdvisor] Initializing Gen-Advisor components...
2025-10-28 10:37:25,373 - INFO - [GenAdvisor] Initializing Gen-Advisor components...
2025-10-28 10:37:25,373 - INFO - [GenAdvisor] Initializing Gen-Advisor components...
2025-10-28 10:37:36,780 - INFO - [GenAdvisor] Updating market data...
2025-10-28 10:37:36,780 - INFO - [GenAdvisor] Updating market data...
2025-10-28 10:37:36,780 - INFO - [GenAdvisor] Updating market data...
2025-10-28 10:38:02,359 - INFO - [GenAdvisor] Initializing Gen-Advisor components...
2025-10-28 10:38:02,359 - INFO - [GenAdvisor] Initializing Gen-Advisor components...
2025-10-28 10:38:02,359 - INFO - [GenAdvisor] Initializing Gen-Advisor components...
2025-10-28 10:38:14,001 - INFO - [GenAdvisor] Updating market data...
2025-10-28 10:38:14,001 - INFO - [GenAdvisor] Updating market data...
2025-10-28 10:38:14,001 - INFO - [GenAdvisor] Updating market data...
2025-10-28 10:39:09,724 - INFO - [GenAdvisor] Initializing Gen-Advisor components...
2025-10-28 10:39:09,724 - INFO - [GenAdvisor] Initializing Gen-Advisor components...
2025-10-28 10:39:09,724 - INFO - [GenAdvisor] Initializing Gen-Advisor components...
2025-10-28 10:39:21,311 - INFO - [GenAdvisor] Updating market data...
2025-10-28 10:39:21,311 - INFO - [GenAdvisor] Updating market data...
2025-10-28 10:39:21,311 - INFO - [GenAdvisor] Updating market data...
2025-10-28 10:40:07,301 - INFO - [GenAdvisor] [QueryID: 20251028_104007] Processing query: why should I invest in energy companies and which one? answer in 100 words
2025-10-28 10:40:07,301 - INFO - [GenAdvisor] [QueryID: 20251028_104007] Processing query: why should I invest in energy companies and which one? answer in 100 words
2025-10-28 10:40:07,301 - INFO - [GenAdvisor] [QueryID: 20251028_104007] Processing query: why should I invest in energy companies and which one? answer in 100 words
2025-10-28 10:40:07,304 - INFO - [GenAdvisor] [QueryID: 20251028_104007] Starting RAG processing
2025-10-28 10:40:07,304 - INFO - [GenAdvisor] [QueryID: 20251028_104007] Starting RAG processing
2025-10-28 10:40:07,304 - INFO - [GenAdvisor] [QueryID: 20251028_104007] Starting RAG processing
2025-10-28 10:40:10,530 - INFO - [GenAdvisor] [QueryID: 20251028_104007] Query processed successfully
2025-10-28 10:40:10,530 - INFO - [GenAdvisor] [QueryID: 20251028_104007] Query processed successfully
2025-10-28 10:40:10,530 - INFO - [GenAdvisor] [QueryID: 20251028_104007] Query processed successfully
2025-10-28 10:40:10,531 - DEBUG - [GenAdvisor] [QueryID: 20251028_104007] Response length: 1081 chars
2025-10-28 10:40:10,531 - DEBUG - [GenAdvisor] [QueryID: 20251028_104007] Response length: 1081 chars
2025-10-28 10:40:10,531 - DEBUG - [GenAdvisor] [QueryID: 20251028_104007] Response length: 1081 chars
2025-10-28 10:45:52,099 - INFO - [GenAdvisor] Initializing Gen-Advisor components...
2025-10-28 10:45:52,099 - INFO - [GenAdvisor] Initializing Gen-Advisor components...
2025-10-28 10:45:52,099 - INFO - [GenAdvisor] Initializing Gen-Advisor components...
2025-10-28 10:46:04,234 - INFO - [GenAdvisor] Updating market data...
2025-10-28 10:46:04,234 - INFO - [GenAdvisor] Updating market data...
2025-10-28 10:46:04,234 - INFO - [GenAdvisor] Updating market data...
2025-10-28 10:46:43,548 - INFO - [GenAdvisor] Initializing Gen-Advisor components...
2025-10-28 10:46:43,548 - INFO - [GenAdvisor] Initializing Gen-Advisor components...
2025-10-28 10:46:43,548 - INFO - [GenAdvisor] Initializing Gen-Advisor components...
2025-10-28 10:46:54,812 - INFO - [GenAdvisor] Updating market data...
2025-10-28 10:46:54,812 - INFO - [GenAdvisor] Updating market data...
2025-10-28 10:46:54,812 - INFO - [GenAdvisor] Updating market data...
2025-10-28 10:47:32,177 - INFO - [GenAdvisor] Initializing Gen-Advisor components...
2025-10-28 10:47:32,177 - INFO - [GenAdvisor] Initializing Gen-Advisor components...
2025-10-28 10:47:32,177 - INFO - [GenAdvisor] Initializing Gen-Advisor components...
2025-10-28 10:47:42,569 - INFO - [GenAdvisor] Updating market data...
2025-10-28 10:47:42,569 - INFO - [GenAdvisor] Updating market data...
2025-10-28 10:47:42,569 - INFO - [GenAdvisor] Updating market data...
2025-10-28 10:49:17,381 - INFO - [GenAdvisor] Initializing Gen-Advisor components...
2025-10-28 10:49:17,381 - INFO - [GenAdvisor] Initializing Gen-Advisor components...
2025-10-28 10:49:17,381 - INFO - [GenAdvisor] Initializing Gen-Advisor components...
2025-10-28 10:49:28,640 - INFO - [GenAdvisor] Updating market data...
2025-10-28 10:49:28,640 - INFO - [GenAdvisor] Updating market data...
2025-10-28 10:49:28,640 - INFO - [GenAdvisor] Updating market data...
2025-10-28 10:49:58,563 - INFO - [GenAdvisor] Initializing Gen-Advisor components...
2025-10-28 10:49:58,563 - INFO - [GenAdvisor] Initializing Gen-Advisor components...
2025-10-28 10:49:58,563 - INFO - [GenAdvisor] Initializing Gen-Advisor components...
2025-10-28 10:50:12,443 - INFO - [GenAdvisor] Updating market data...
2025-10-28 10:50:12,443 - INFO - [GenAdvisor] Updating market data...
2025-10-28 10:50:12,443 - INFO - [GenAdvisor] Updating market data...
2025-10-28 10:54:44,612 - INFO - [GenAdvisor] Initializing Gen-Advisor components...
2025-10-28 10:54:44,612 - INFO - [GenAdvisor] Initializing Gen-Advisor components...
2025-10-28 10:54:44,612 - INFO - [GenAdvisor] Initializing Gen-Advisor components...
2025-10-28 10:54:57,586 - INFO - [GenAdvisor] Updating market data...
2025-10-28 10:54:57,586 - INFO - [GenAdvisor] Updating market data...
2025-10-28 10:54:57,586 - INFO - [GenAdvisor] Updating market data...
2025-10-28 10:55:29,034 - INFO - [GenAdvisor] Initializing Gen-Advisor components...
2025-10-28 10:55:29,034 - INFO - [GenAdvisor] Initializing Gen-Advisor components...
2025-10-28 10:55:29,034 - INFO - [GenAdvisor] Initializing Gen-Advisor components...
2025-10-28 10:55:40,517 - INFO - [GenAdvisor] Updating market data...
2025-10-28 10:55:40,517 - INFO - [GenAdvisor] Updating market data...
2025-10-28 10:55:40,517 - INFO - [GenAdvisor] Updating market data...
2025-10-28 10:56:06,556 - INFO - [GenAdvisor] Initializing Gen-Advisor components...
2025-10-28 10:56:06,556 - INFO - [GenAdvisor] Initializing Gen-Advisor components...
2025-10-28 10:56:06,556 - INFO - [GenAdvisor] Initializing Gen-Advisor components...
2025-10-28 10:56:23,104 - INFO - [GenAdvisor] Updating market data...
2025-10-28 10:56:23,104 - INFO - [GenAdvisor] Updating market data...
2025-10-28 10:56:23,104 - INFO - [GenAdvisor] Updating market data...
2025-10-28 10:56:49,219 - INFO - [GenAdvisor] Initializing Gen-Advisor components...
2025-10-28 10:56:49,219 - INFO - [GenAdvisor] Initializing Gen-Advisor components...
2025-10-28 10:56:49,219 - INFO - [GenAdvisor] Initializing Gen-Advisor components...
2025-10-28 10:57:02,746 - INFO - [GenAdvisor] Updating market data...
2025-10-28 10:57:02,746 - INFO - [GenAdvisor] Updating market data...
2025-10-28 10:57:02,746 - INFO - [GenAdvisor] Updating market data...
2025-10-28 10:57:41,724 - INFO - [GenAdvisor] Initializing Gen-Advisor components...
2025-10-28 10:57:41,724 - INFO - [GenAdvisor] Initializing Gen-Advisor components...
2025-10-28 10:57:41,724 - INFO - [GenAdvisor] Initializing Gen-Advisor components...
2025-10-28 10:57:53,690 - INFO - [GenAdvisor] Updating market data...
2025-10-28 10:57:53,690 - INFO - [GenAdvisor] Updating market data...
2025-10-28 10:57:53,690 - INFO - [GenAdvisor] Updating market data...
2025-10-28 10:58:23,259 - INFO - [GenAdvisor] Initializing Gen-Advisor components...
2025-10-28 10:58:23,259 - INFO - [GenAdvisor] Initializing Gen-Advisor components...
2025-10-28 10:58:23,259 - INFO - [GenAdvisor] Initializing Gen-Advisor components...
2025-10-28 10:58:38,070 - INFO - [GenAdvisor] Updating market data...
2025-10-28 10:58:38,070 - INFO - [GenAdvisor] Updating market data...
2025-10-28 10:58:38,070 - INFO - [GenAdvisor] Updating market data...
2025-10-28 10:59:05,239 - INFO - [GenAdvisor] Initializing Gen-Advisor components...
2025-10-28 10:59:05,239 - INFO - [GenAdvisor] Initializing Gen-Advisor components...
2025-10-28 10:59:05,239 - INFO - [GenAdvisor] Initializing Gen-Advisor components...
2025-10-28 10:59:17,362 - INFO - [GenAdvisor] Updating market data...
2025-10-28 10:59:17,362 - INFO - [GenAdvisor] Updating market data...
2025-10-28 10:59:17,362 - INFO - [GenAdvisor] Updating market data...
2025-10-28 10:59:48,389 - INFO - [GenAdvisor] Initializing Gen-Advisor components...
2025-10-28 10:59:48,389 - INFO - [GenAdvisor] Initializing Gen-Advisor components...
2025-10-28 10:59:48,389 - INFO - [GenAdvisor] Initializing Gen-Advisor components...
2025-10-28 11:00:01,990 - INFO - [GenAdvisor] Updating market data...
2025-10-28 11:00:01,990 - INFO - [GenAdvisor] Updating market data...
2025-10-28 11:00:01,990 - INFO - [GenAdvisor] Updating market data...
2025-10-28 11:00:24,816 - INFO - [GenAdvisor] Initializing Gen-Advisor components...
2025-10-28 11:00:24,816 - INFO - [GenAdvisor] Initializing Gen-Advisor components...
2025-10-28 11:00:24,816 - INFO - [GenAdvisor] Initializing Gen-Advisor components...
2025-10-28 11:00:39,169 - INFO - [GenAdvisor] Updating market data...
2025-10-28 11:00:39,169 - INFO - [GenAdvisor] Updating market data...
2025-10-28 11:00:39,169 - INFO - [GenAdvisor] Updating market data...
2025-10-28 11:01:01,443 - INFO - [GenAdvisor] Initializing Gen-Advisor components...
2025-10-28 11:01:01,443 - INFO - [GenAdvisor] Initializing Gen-Advisor components...
2025-10-28 11:01:01,443 - INFO - [GenAdvisor] Initializing Gen-Advisor components...
2025-10-28 11:01:14,833 - INFO - [GenAdvisor] Updating market data...
2025-10-28 11:01:14,833 - INFO - [GenAdvisor] Updating market data...
2025-10-28 11:01:14,833 - INFO - [GenAdvisor] Updating market data...
2025-10-28 11:03:06,564 - INFO - [GenAdvisor] Initializing Gen-Advisor components...
2025-10-28 11:03:06,564 - INFO - [GenAdvisor] Initializing Gen-Advisor components...
2025-10-28 11:03:06,564 - INFO - [GenAdvisor] Initializing Gen-Advisor components...
2025-10-28 11:03:18,373 - INFO - [GenAdvisor] Updating market data...
2025-10-28 11:03:18,373 - INFO - [GenAdvisor] Updating market data...
2025-10-28 11:03:18,373 - INFO - [GenAdvisor] Updating market data...
2025-10-28 11:03:39,296 - INFO - [GenAdvisor] Initializing Gen-Advisor components...
2025-10-28 11:03:39,296 - INFO - [GenAdvisor] Initializing Gen-Advisor components...
2025-10-28 11:03:39,296 - INFO - [GenAdvisor] Initializing Gen-Advisor components...
2025-10-28 11:03:50,568 - INFO - [GenAdvisor] Updating market data...
2025-10-28 11:03:50,568 - INFO - [GenAdvisor] Updating market data...
2025-10-28 11:03:50,568 - INFO - [GenAdvisor] Updating market data...
2025-10-28 11:09:01,653 - INFO - [GenAdvisor] Updating market data...
2025-10-28 11:09:01,653 - INFO - [GenAdvisor] Updating market data...
2025-10-28 11:09:01,653 - INFO - [GenAdvisor] Updating market data...
2025-10-28 11:47:20,190 - INFO - [GenAdvisor] Initializing Gen-Advisor components...
2025-10-28 11:47:20,190 - INFO - [GenAdvisor] Initializing Gen-Advisor components...
2025-10-28 11:47:20,190 - INFO - [GenAdvisor] Initializing Gen-Advisor components...
2025-10-28 11:47:47,426 - INFO - [GenAdvisor] Updating market data...
2025-10-28 11:47:47,426 - INFO - [GenAdvisor] Updating market data...
2025-10-28 11:47:47,426 - INFO - [GenAdvisor] Updating market data...
2025-10-28 11:47:57,942 - ERROR - [GenAdvisor] Error getting market overview: '>' not supported between instances of 'NoneType' and 'int'
2025-10-28 11:47:57,942 - ERROR - [GenAdvisor] Error getting market overview: '>' not supported between instances of 'NoneType' and 'int'
2025-10-28 11:47:57,942 - ERROR - [GenAdvisor] Error getting market overview: '>' not supported between instances of 'NoneType' and 'int'
2025-10-28 11:50:25,985 - INFO - [GenAdvisor] Initializing Gen-Advisor components...
2025-10-28 11:50:25,985 - INFO - [GenAdvisor] Initializing Gen-Advisor components...
2025-10-28 11:50:25,985 - INFO - [GenAdvisor] Initializing Gen-Advisor components...
2025-10-28 11:51:15,589 - INFO - [GenAdvisor] Updating market data...
2025-10-28 11:51:15,589 - INFO - [GenAdvisor] Updating market data...
2025-10-28 11:51:15,589 - INFO - [GenAdvisor] Updating market data...
2025-10-28 11:51:59,053 - INFO - [GenAdvisor] Initializing Gen-Advisor components...
2025-10-28 11:51:59,053 - INFO - [GenAdvisor] Initializing Gen-Advisor components...
2025-10-28 11:51:59,053 - INFO - [GenAdvisor] Initializing Gen-Advisor components...
2025-10-28 11:52:28,620 - INFO - [GenAdvisor] Updating market data...
2025-10-28 11:52:28,620 - INFO - [GenAdvisor] Updating market data...
2025-10-28 11:52:28,620 - INFO - [GenAdvisor] Updating market data...
2025-10-28 11:52:37,006 - INFO - [GenAdvisor] [QueryID: 20251028_115237] Processing query: I have 1,01,001 rs to invest in stock market. handpick the best stock and distribution for me to invest
2025-10-28 11:52:37,006 - INFO - [GenAdvisor] [QueryID: 20251028_115237] Processing query: I have 1,01,001 rs to invest in stock market. handpick the best stock and distribution for me to invest
2025-10-28 11:52:37,006 - INFO - [GenAdvisor] [QueryID: 20251028_115237] Processing query: I have 1,01,001 rs to invest in stock market. handpick the best stock and distribution for me to invest
2025-10-28 11:52:37,014 - INFO - [GenAdvisor] [QueryID: 20251028_115237] Starting RAG processing
2025-10-28 11:52:37,014 - INFO - [GenAdvisor] [QueryID: 20251028_115237] Starting RAG processing
2025-10-28 11:52:37,014 - INFO - [GenAdvisor] [QueryID: 20251028_115237] Starting RAG processing
2025-10-28 11:52:42,928 - INFO - [GenAdvisor] [QueryID: 20251028_115237] Query processed successfully
2025-10-28 11:52:42,928 - INFO - [GenAdvisor] [QueryID: 20251028_115237] Query processed successfully
2025-10-28 11:52:42,928 - INFO - [GenAdvisor] [QueryID: 20251028_115237] Query processed successfully
2025-10-28 11:52:42,929 - DEBUG - [GenAdvisor] [QueryID: 20251028_115237] Response length: 8767 chars
2025-10-28 11:52:42,929 - DEBUG - [GenAdvisor] [QueryID: 20251028_115237] Response length: 8767 chars
2025-10-28 11:52:42,929 - DEBUG - [GenAdvisor] [QueryID: 20251028_115237] Response length: 8767 chars
2025-10-28 11:56:25,177 - INFO - [GenAdvisor] Initializing Gen-Advisor components...
2025-10-28 11:56:25,177 - INFO - [GenAdvisor] Initializing Gen-Advisor components...
2025-10-28 11:56:25,177 - INFO - [GenAdvisor] Initializing Gen-Advisor components...
2025-10-28 11:56:42,583 - INFO - [GenAdvisor] Updating market data...
2025-10-28 11:56:42,583 - INFO - [GenAdvisor] Updating market data...
2025-10-28 11:56:42,583 - INFO - [GenAdvisor] Updating market data...
2025-10-28 11:57:07,256 - INFO - [GenAdvisor] Initializing Gen-Advisor components...
2025-10-28 11:57:07,256 - INFO - [GenAdvisor] Initializing Gen-Advisor components...
2025-10-28 11:57:07,256 - INFO - [GenAdvisor] Initializing Gen-Advisor components...
2025-10-28 11:57:30,031 - INFO - [GenAdvisor] Updating market data...
2025-10-28 11:57:30,031 - INFO - [GenAdvisor] Updating market data...
2025-10-28 11:57:30,031 - INFO - [GenAdvisor] Updating market data...
2025-10-28 11:57:38,313 - INFO - [GenAdvisor] [QueryID: 20251028_115738] Processing query: how is the market right now?
2025-10-28 11:57:38,313 - INFO - [GenAdvisor] [QueryID: 20251028_115738] Processing query: how is the market right now?
2025-10-28 11:57:38,313 - INFO - [GenAdvisor] [QueryID: 20251028_115738] Processing query: how is the market right now?
2025-10-28 11:57:38,315 - INFO - [GenAdvisor] [QueryID: 20251028_115738] Starting RAG processing
2025-10-28 11:57:38,315 - INFO - [GenAdvisor] [QueryID: 20251028_115738] Starting RAG processing
2025-10-28 11:57:38,315 - INFO - [GenAdvisor] [QueryID: 20251028_115738] Starting RAG processing
2025-10-28 11:57:42,683 - INFO - [GenAdvisor] [QueryID: 20251028_115738] Query processed successfully
2025-10-28 11:57:42,683 - INFO - [GenAdvisor] [QueryID: 20251028_115738] Query processed successfully
2025-10-28 11:57:42,683 - INFO - [GenAdvisor] [QueryID: 20251028_115738] Query processed successfully
2025-10-28 11:57:42,686 - DEBUG - [GenAdvisor] [QueryID: 20251028_115738] Response length: 6266 chars
2025-10-28 11:57:42,686 - DEBUG - [GenAdvisor] [QueryID: 20251028_115738] Response length: 6266 chars
2025-10-28 11:57:42,686 - DEBUG - [GenAdvisor] [QueryID: 20251028_115738] Response length: 6266 chars
2025-10-28 11:58:32,972 - INFO - [GenAdvisor] [QueryID: 20251028_115832] Processing query: I have 1,01,001 rs to invest in stock market. handpick the best stock and distribution for me to invest
2025-10-28 11:58:32,972 - INFO - [GenAdvisor] [QueryID: 20251028_115832] Processing query: I have 1,01,001 rs to invest in stock market. handpick the best stock and distribution for me to invest
2025-10-28 11:58:32,972 - INFO - [GenAdvisor] [QueryID: 20251028_115832] Processing query: I have 1,01,001 rs to invest in stock market. handpick the best stock and distribution for me to invest
2025-10-28 11:58:32,976 - INFO - [GenAdvisor] [QueryID: 20251028_115832] Starting RAG processing
2025-10-28 11:58:32,976 - INFO - [GenAdvisor] [QueryID: 20251028_115832] Starting RAG processing
2025-10-28 11:58:32,976 - INFO - [GenAdvisor] [QueryID: 20251028_115832] Starting RAG processing
2025-10-28 11:58:39,106 - INFO - [GenAdvisor] [QueryID: 20251028_115832] Query processed successfully
2025-10-28 11:58:39,106 - INFO - [GenAdvisor] [QueryID: 20251028_115832] Query processed successfully
2025-10-28 11:58:39,106 - INFO - [GenAdvisor] [QueryID: 20251028_115832] Query processed successfully
2025-10-28 11:58:39,114 - DEBUG - [GenAdvisor] [QueryID: 20251028_115832] Response length: 9921 chars
2025-10-28 11:58:39,114 - DEBUG - [GenAdvisor] [QueryID: 20251028_115832] Response length: 9921 chars
2025-10-28 11:58:39,114 - DEBUG - [GenAdvisor] [QueryID: 20251028_115832] Response length: 9921 chars
2025-10-28 12:01:21,879 - INFO - [GenAdvisor] Initializing Gen-Advisor components...
2025-10-28 12:01:21,879 - INFO - [GenAdvisor] Initializing Gen-Advisor components...
2025-10-28 12:01:21,879 - INFO - [GenAdvisor] Initializing Gen-Advisor components...
2025-10-28 12:01:38,175 - INFO - [GenAdvisor] Updating market data...
2025-10-28 12:01:38,175 - INFO - [GenAdvisor] Updating market data...
2025-10-28 12:01:38,175 - INFO - [GenAdvisor] Updating market data...
2025-10-28 12:01:57,780 - INFO - [GenAdvisor] Initializing Gen-Advisor components...
2025-10-28 12:01:57,780 - INFO - [GenAdvisor] Initializing Gen-Advisor components...
2025-10-28 12:01:57,780 - INFO - [GenAdvisor] Initializing Gen-Advisor components...
2025-10-28 12:02:15,310 - INFO - [GenAdvisor] Updating market data...
2025-10-28 12:02:15,310 - INFO - [GenAdvisor] Updating market data...
2025-10-28 12:02:15,310 - INFO - [GenAdvisor] Updating market data...
2025-10-28 12:02:32,183 - INFO - [GenAdvisor] [QueryID: 20251028_120232] Processing query: I have 1,01,001 rs to invest in stock market. handpick the best stock and distribution for me to invest
2025-10-28 12:02:32,183 - INFO - [GenAdvisor] [QueryID: 20251028_120232] Processing query: I have 1,01,001 rs to invest in stock market. handpick the best stock and distribution for me to invest
2025-10-28 12:02:32,183 - INFO - [GenAdvisor] [QueryID: 20251028_120232] Processing query: I have 1,01,001 rs to invest in stock market. handpick the best stock and distribution for me to invest
2025-10-28 12:02:32,185 - INFO - [GenAdvisor] [QueryID: 20251028_120232] Starting RAG processing
2025-10-28 12:02:32,185 - INFO - [GenAdvisor] [QueryID: 20251028_120232] Starting RAG processing
2025-10-28 12:02:32,185 - INFO - [GenAdvisor] [QueryID: 20251028_120232] Starting RAG processing
2025-10-28 12:02:37,587 - INFO - [GenAdvisor] [QueryID: 20251028_120232] Query processed successfully
2025-10-28 12:02:37,587 - INFO - [GenAdvisor] [QueryID: 20251028_120232] Query processed successfully
2025-10-28 12:02:37,587 - INFO - [GenAdvisor] [QueryID: 20251028_120232] Query processed successfully
2025-10-28 12:02:37,589 - DEBUG - [GenAdvisor] [QueryID: 20251028_120232] Response length: 6636 chars
2025-10-28 12:02:37,589 - DEBUG - [GenAdvisor] [QueryID: 20251028_120232] Response length: 6636 chars
2025-10-28 12:02:37,589 - DEBUG - [GenAdvisor] [QueryID: 20251028_120232] Response length: 6636 chars
2025-10-28 12:05:09,039 - ERROR - [GenAdvisor] Error screening stocks: '<' not supported between instances of 'NoneType' and 'int'
2025-10-28 12:05:09,039 - ERROR - [GenAdvisor] Error screening stocks: '<' not supported between instances of 'NoneType' and 'int'
2025-10-28 12:05:09,039 - ERROR - [GenAdvisor] Error screening stocks: '<' not supported between instances of 'NoneType' and 'int'
2025-10-28 12:07:25,119 - INFO - [GenAdvisor] Updating market data...
2025-10-28 12:07:25,119 - INFO - [GenAdvisor] Updating market data...
2025-10-28 12:07:25,119 - INFO - [GenAdvisor] Updating market data...
